<?xml version="1.0" encoding="UTF-8"?>
<!-- Generated by org.testng.reporters.JUnitXMLReporter -->
<testsuite ignored="0" hostname="DESKTOP-1PKTSBS" failures="0" tests="3" name="API Tests" time="3.826" errors="0" timestamp="2025-06-13T14:23:54 IST">
  <testcase classname="apiTests.GetUsersTest" name="getAllActiveUsers" time="1.84"/>
  <testcase classname="apiTests.CreateUserTest" name="createNewUser" time="1.172"/>
  <testcase classname="apiTests.DeleteUserTest" name="deleteUser" time="0.361"/>
</testsuite> <!-- API Tests -->
