<?xml version="1.0" encoding="UTF-8"?>
<testng-results ignored="0" total="1" passed="1" failed="0" skipped="0">
  <reporter-output>
  </reporter-output>
  <suite started-at="2025-06-13T14:26:13 IST" name="Default suite" finished-at="2025-06-13T14:26:17 IST" duration-ms="3926">
    <groups>
    </groups>
    <test started-at="2025-06-13T14:26:13 IST" name="Default test" finished-at="2025-06-13T14:26:17 IST" duration-ms="3926">
      <class name="apiTests.CreateUserTest">
        <test-method is-config="true" signature="setup()[pri:0, instance:apiTests.CreateUserTest@75d4a5c2]" started-at="2025-06-13T14:26:13 IST" name="setup" finished-at="2025-06-13T14:26:14 IST" duration-ms="446" status="PASS">
          <reporter-output>
          </reporter-output>
        </test-method> <!-- setup -->
        <test-method signature="createNewUser()[pri:0, instance:apiTests.CreateUserTest@75d4a5c2]" started-at="2025-06-13T14:26:14 IST" name="createNewUser" finished-at="2025-06-13T14:26:17 IST" duration-ms="3429" status="PASS">
          <reporter-output>
          </reporter-output>
        </test-method> <!-- createNewUser -->
      </class> <!-- apiTests.CreateUserTest -->
    </test> <!-- Default test -->
  </suite> <!-- Default suite -->
</testng-results>
